<?xml version="1.0" encoding="UTF-8"?>
<!-- Generated by org.testng.reporters.JUnitReportReporter -->
<testsuite hostname="ritikajain" failures="0" tests="1" name="com.exittest.tests.HomePageFunctionalityTest" time="7.156" errors="0" timestamp="28 Jun 2021 14:42:43 GMT" skipped="0">
  <testcase classname="com.exittest.tests.HomePageFunctionalityTest" name="sitelogoText" time="7.156"/>
</testsuite> <!-- com.exittest.tests.HomePageFunctionalityTest -->
