<?xml version="1.0" encoding="UTF-8"?>
<!-- Generated by org.testng.reporters.JUnitReportReporter -->
<testsuite hostname="ritikajain" failures="0" tests="1" name="com.exittest.tests.BusTicketTest" time="74.771" errors="0" timestamp="25 Jun 2021 15:13:55 GMT" skipped="0">
  <testcase classname="com.exittest.tests.BusTicketTest" name="BusTickets" time="74.771"/>
</testsuite> <!-- com.exittest.tests.BusTicketTest -->
