<?xml version="1.0" encoding="UTF-8"?>
<!-- Generated by org.testng.reporters.JUnitReportReporter -->
<testsuite hostname="ritikajain" failures="0" tests="1" name="com.redbus.tests.BusTicketTest" time="8.924" errors="0" timestamp="05 Jul 2021 16:41:06 GMT" skipped="0">
  <testcase classname="com.redbus.tests.BusTicketTest" name="BusTickets" time="8.924"/>
</testsuite> <!-- com.redbus.tests.BusTicketTest -->
