<?xml version="1.0" encoding="UTF-8"?>
<!-- Generated by org.testng.reporters.JUnitReportReporter -->
<testsuite hostname="ritikajain" failures="0" tests="1" name="com.exittest.tests.LoginTest" time="31.907" errors="0" timestamp="28 Jun 2021 14:28:50 GMT" skipped="0">
  <testcase classname="com.exittest.tests.LoginTest" name="ValidLoginFunctionality" time="31.907"/>
</testsuite> <!-- com.exittest.tests.LoginTest -->
