<?xml version="1.0" encoding="UTF-8"?>
<!-- Generated by org.testng.reporters.JUnitReportReporter -->
<testsuite hostname="ritikajain" failures="0" tests="2" name="com.redbus.tests.RPoolFunctionalityTest" time="17.910" errors="0" timestamp="05 Jul 2021 16:41:06 GMT" skipped="0">
  <testcase classname="com.redbus.tests.RPoolFunctionalityTest" name="RPool" time="14.397"/>
  <testcase classname="com.redbus.tests.RPoolFunctionalityTest" name="siteOnGooglePlay" time="3.513"/>
</testsuite> <!-- com.redbus.tests.RPoolFunctionalityTest -->
