<?xml version="1.0" encoding="UTF-8"?>
<!-- Generated by org.testng.reporters.JUnitReportReporter -->
<testsuite hostname="ritikajain" failures="0" tests="1" name="com.redbus.tests.LoginTest" time="39.665" errors="0" timestamp="05 Jul 2021 05:49:55 GMT" skipped="0">
  <testcase classname="com.redbus.tests.LoginTest" name="ViewMyProfile" time="39.665"/>
</testsuite> <!-- com.redbus.tests.LoginTest -->
