<?xml version="1.0" encoding="UTF-8"?>
<!-- Generated by org.testng.reporters.JUnitReportReporter -->
<testsuite hostname="ritikajain" failures="0" tests="1" name="com.exittest.tests.BusHireTest" time="18.494" errors="0" timestamp="29 Jun 2021 08:30:20 GMT" skipped="0">
  <testcase classname="com.exittest.tests.BusHireTest" name="minibuses_hire" time="18.494"/>
</testsuite> <!-- com.exittest.tests.BusHireTest -->
