<?xml version="1.0" encoding="UTF-8"?>
<!-- Generated by org.testng.reporters.JUnitReportReporter -->
<testsuite hostname="ritikajain" failures="0" tests="1" name="com.redbus.tests.HomePageFunctionalityTest" time="13.764" errors="0" timestamp="05 Jul 2021 14:54:30 GMT" skipped="0">
  <testcase classname="com.redbus.tests.HomePageFunctionalityTest" name="Help" time="13.764"/>
</testsuite> <!-- com.redbus.tests.HomePageFunctionalityTest -->
