<?xml version="1.0" encoding="UTF-8"?>
<!-- Generated by org.testng.reporters.JUnitReportReporter -->
<testsuite skipped="0" hostname="ritikajain" name="com.redbus.tests.HomePageFunctionalityTest" tests="8" failures="0" timestamp="04 Jul 2021 20:09:06 GMT" time="103.518" errors="0">
  <testcase name="Help" time="16.846" classname="com.redbus.tests.HomePageFunctionalityTest"/>
  <testcase name="sitelogoText" time="5.126" classname="com.redbus.tests.HomePageFunctionalityTest"/>
  <testcase name="showMyTicket" time="12.672" classname="com.redbus.tests.HomePageFunctionalityTest"/>
  <testcase name="amazonOffer" time="21.590" classname="com.redbus.tests.HomePageFunctionalityTest"/>
  <testcase name="cancelMyTicket" time="13.374" classname="com.redbus.tests.HomePageFunctionalityTest"/>
  <testcase name="redbusCares" time="13.456" classname="com.redbus.tests.HomePageFunctionalityTest"/>
  <testcase name="journeyForDreams" time="7.329" classname="com.redbus.tests.HomePageFunctionalityTest"/>
  <testcase name="searchBuses" time="13.125" classname="com.redbus.tests.HomePageFunctionalityTest"/>
</testsuite> <!-- com.redbus.tests.HomePageFunctionalityTest -->
