<?xml version="1.0" encoding="UTF-8"?>
<!-- Generated by org.testng.reporters.JUnitReportReporter -->
<testsuite skipped="0" hostname="ritikajain" name="com.redbus.tests.BusTicketTest" tests="1" failures="0" timestamp="04 Jul 2021 20:09:06 GMT" time="21.285" errors="0">
  <testcase name="BusTickets" time="21.285" classname="com.redbus.tests.BusTicketTest"/>
</testsuite> <!-- com.redbus.tests.BusTicketTest -->
