<?xml version="1.0" encoding="UTF-8"?>
<!-- Generated by org.testng.reporters.JUnitReportReporter -->
<testsuite skipped="0" hostname="ritikajain" name="com.redbus.tests.RPoolFunctionalityTest" tests="2" failures="0" timestamp="04 Jul 2021 20:09:06 GMT" time="36.368" errors="0">
  <testcase name="siteOnGooglePlay" time="19.414" classname="com.redbus.tests.RPoolFunctionalityTest"/>
  <testcase name="RPool" time="16.954" classname="com.redbus.tests.RPoolFunctionalityTest"/>
</testsuite> <!-- com.redbus.tests.RPoolFunctionalityTest -->
